<?xml version="1.0" encoding="utf-8"?><testsuites><testsuite name="pytest" errors="0" failures="0" skipped="0" tests="5" time="5.818" timestamp="2026-04-03T20:29:25.018723" hostname="WIN-KQ0HKCRTQ64"><testcase classname="tests.e2e.test_admin_panel.TestAdminLogin" name="test_login_page_loads[chromium]" time="1.005" /><testcase classname="tests.e2e.test_admin_panel.TestAdminLogin" name="test_invalid_credentials_shows_error[chromium]" time="0.832" /><testcase classname="tests.e2e.test_admin_panel.TestAdminLogin" name="test_valid_login_redirects_away_from_login[chromium]" time="0.856" /><testcase classname="tests.e2e.test_admin_panel.TestAdminDashboard" name="test_dashboard_shows_store_app_models[chromium]" time="0.858" /><testcase classname="tests.e2e.test_admin_panel.TestAdminDashboard" name="test_logout_works[chromium]" time="2.236" /></testsuite></testsuites>