<?xml version="1.0" encoding="utf-8"?><testsuites><testsuite name="pytest" errors="0" failures="0" skipped="0" tests="28" time="1.117" timestamp="2026-04-03T20:27:28.839780" hostname="WIN-KQ0HKCRTQ64"><testcase classname="tests.integration.test_api_endpoints.TestProductListAPI" name="test_returns_200" time="0.104" /><testcase classname="tests.integration.test_api_endpoints.TestProductListAPI" name="test_response_is_json" time="0.148" /><testcase classname="tests.integration.test_api_endpoints.TestProductListAPI" name="test_pagination_fields_present" time="0.013" /><testcase classname="tests.integration.test_api_endpoints.TestProductListAPI" name="test_invalid_page_returns_404_or_empty" time="0.012" /><testcase classname="tests.integration.test_api_endpoints.TestProductDetailAPI" name="test_nonexistent_product_returns_404" time="0.014" /><testcase classname="tests.integration.test_api_endpoints.TestCollectionsAPI" name="test_returns_200" time="0.011" /><testcase classname="tests.integration.test_api_endpoints.TestCollectionsAPI" name="test_returns_list" time="0.011" /><testcase classname="tests.integration.test_api_endpoints.TestCategoriesAPI" name="test_returns_200" time="0.011" /><testcase classname="tests.integration.test_api_endpoints.TestCategoriesAPI" name="test_each_category_has_title" time="0.011" /><testcase classname="tests.integration.test_api_endpoints.TestCartAPI" name="test_unknown_token_returns_200_or_404" time="0.014" /><testcase classname="tests.integration.test_api_endpoints.TestCartAPI" name="test_cart_response_is_json" time="0.016" /><testcase classname="tests.integration.test_api_endpoints.TestOrderCreateAPI" name="test_empty_payload_returns_400" time="0.048" /><testcase classname="tests.integration.test_api_endpoints.TestOrderCreateAPI" name="test_missing_email_returns_400" time="0.047" /><testcase classname="tests.integration.test_cart_lifecycle.TestCartTokenRetrieval" name="test_new_token_returns_200" time="0.016" /><testcase classname="tests.integration.test_cart_lifecycle.TestCartTokenRetrieval" name="test_cart_response_is_json" time="0.014" /><testcase classname="tests.integration.test_cart_lifecycle.TestCartTokenRetrieval" name="test_long_token_handled_gracefully" time="0.014" /><testcase classname="tests.integration.test_cart_lifecycle.TestCartTokenRetrieval" name="test_two_different_tokens_return_independent_responses" time="0.026" /><testcase classname="tests.integration.test_orders_extended.TestOrderFieldValidation" name="test_invalid_email_format_rejected" time="0.009" /><testcase classname="tests.integration.test_orders_extended.TestOrderFieldValidation" name="test_missing_first_name_rejected" time="0.049" /><testcase classname="tests.integration.test_orders_extended.TestOrderFieldValidation" name="test_missing_last_name_rejected" time="0.050" /><testcase classname="tests.integration.test_orders_extended.TestOrderFieldValidation" name="test_zip_code_too_long_rejected_or_truncated" time="0.048" /><testcase classname="tests.integration.test_orders_extended.TestOrderFieldValidation" name="test_duplicate_order_same_payload_returns_400_or_201" time="0.095" /><testcase classname="tests.integration.test_response_times.TestEndpointResponseTimes" name="test_product_list_page1_under_500ms" time="0.025" /><testcase classname="tests.integration.test_response_times.TestEndpointResponseTimes" name="test_clothing_collections_under_500ms" time="0.011" /><testcase classname="tests.integration.test_response_times.TestEndpointResponseTimes" name="test_clothing_collections_filter_names_under_500ms" time="0.034" /><testcase classname="tests.integration.test_response_times.TestEndpointResponseTimes" name="test_categories_under_500ms" time="0.013" /><testcase classname="tests.integration.test_response_times.TestEndpointResponseTimes" name="test_categories_filter_names_under_500ms" time="0.030" /><testcase classname="tests.integration.test_response_times.TestEndpointResponseTimes" name="test_cart_endpoint_under_500ms" time="0.018" /></testsuite></testsuites>